{ message: 'cities data loaded',
  level: 'info',
  timestamp: '2019-03-04T06:13:25.602Z' }
{ message: 'fuse enginer initiated',
  level: 'info',
  timestamp: '2019-03-04T06:13:25.607Z' }
{ message: 'App Started On localhost:8000',
  level: 'info',
  timestamp: '2019-03-04T06:13:25.611Z' }
{ message: 'req: undefined-2019-03-04T06:13:26.377Z',
  level: 'info',
  timestamp: '2019-03-04T06:13:26.377Z' }
{ message: 'req:undefined-2019-03-04T06:13:26.377Z error',
  level: 'error',
  timestamp: '2019-03-04T06:13:26.388Z' }
{ status: 400,
  message: 'Malformed request see expected schema',
  level: 'error',
  timestamp: '2019-03-04T06:13:26.388Z' }
{ message: 'req: undefined-2019-03-04T06:13:39.787Z',
  level: 'info',
  timestamp: '2019-03-04T06:13:39.787Z' }
{ message: 'req:undefined-2019-03-04T06:13:39.787Z error',
  level: 'error',
  timestamp: '2019-03-04T06:13:39.789Z' }
{ status: 400,
  message: 'Malformed request see expected schema',
  level: 'error',
  timestamp: '2019-03-04T06:13:39.789Z' }
{ message: 'req: undefined-2019-03-04T06:13:43.370Z',
  level: 'info',
  timestamp: '2019-03-04T06:13:43.370Z' }
{ message: 'req:undefined-2019-03-04T06:13:43.370Z error',
  level: 'error',
  timestamp: '2019-03-04T06:13:43.373Z' }
{ status: 400,
  message: 'Malformed request see expected schema',
  level: 'error',
  timestamp: '2019-03-04T06:13:43.374Z' }
