{ message: 'req:undefined-2019-03-04T06:13:26.377Z error',
  level: 'error',
  timestamp: '2019-03-04T06:13:26.388Z' }
{ status: 400,
  message: 'Malformed request see expected schema',
  level: 'error',
  timestamp: '2019-03-04T06:13:26.388Z' }
{ message: 'req:undefined-2019-03-04T06:13:39.787Z error',
  level: 'error',
  timestamp: '2019-03-04T06:13:39.789Z' }
{ status: 400,
  message: 'Malformed request see expected schema',
  level: 'error',
  timestamp: '2019-03-04T06:13:39.789Z' }
{ message: 'req:undefined-2019-03-04T06:13:43.370Z error',
  level: 'error',
  timestamp: '2019-03-04T06:13:43.373Z' }
{ status: 400,
  message: 'Malformed request see expected schema',
  level: 'error',
  timestamp: '2019-03-04T06:13:43.374Z' }
